175
3001  1-H-H2O Hydrogen-bound-in-water
5001  1-H-ZrH Hydrogen-bound-in-ZrH
3002  1-D-D2O Deuterium-bound-in-D2O
3     2-He-3 Helium-3
4     2-He-4 Helium-4
6     3-Li-6 Lithium-6
7     3-Li-7 Lithium-7
9     Be-nat Berilium
10    5-B-10 Boron-10(burnable)
1010  5-B-10 Boron-10(unburnable)
11    5-B-11 Boron-11(burnable)
1011  5-B-nat Natural-Boron(unburnable)
2012  6-C-nat Graphite
14    7-N-nat Nitrogen
6016  8-O-nat Oxygen
19    9-F-nat Fluorine
23    Na-nat Sodium
24    Mg-nat Magnesium
27    Al-nat Aluminium
29    Si-nat Silicon
31    P-nat Phosphorus
32    S-nat Sulphur
35    Cl-nat Chlorine
40    Ca-nat Calcium
48    Ti-nat Titanium
51    V-nat Vanadium
52    Cr-nat Chromium
55    Mn-nat Manganese
2056  Fe-nat Iron
58    Ni-nat Nickel
1059  Co-59 Cobalt
3063  Cu-nat Copper
91    Zr-nat Zirconium
93    Nb-93 Niobium
96    Mo-nat Molibdenum
3109  Ag-nat Silver(control-rod-material)
2113  Cd-nat Cadmium(control-rod-material)
2115  In-nat Indium(control-rod-material)
118   Sn-nat Tin
121   Sb-121 Antimony-121
123   Sb-123 Antimony-123
152   Eu-nat Europium(control-rod-material)
2154  Gd-154 Gadolinium-154(burnable-absorber)
2155  Gd-155 Gadolinium-155(burnable-absorber)
2156  Gd-156 Gadolinium-156(burnable-absorber)
2157  Gd-157 Gadolinium-157(burnable-absorber)
2158  Gd-158 Gadolinium-158(burnable-absorber)
160   Dy-160 Dysprosium-160
161   Dy-161 Dysprosium-161
162   Dy-162 Dysprosium-162
163   Dy-163 Dysprosium-163
164   Dy-164 Dysprosium-164
165   Ho-165 Holmium-165
2166  Er-166 Erbium-166(burnable-absorber)
2167  Er-167 Erbium-167(burnable-absorber)
2176  Hf-176 Hafnium-176(burnable-absorber)
2177  Hf-177 Hafnium-177(burnable-absorber)
2178  Hf-178 Hafnium-178(burnable-absorber)
2179  Hf-179 Hafnium-179(burnable-absorber)
2180  Hf-180 Hafnium-180(burnable-absorber)
178   Hf-nat Natural-Hafnium(unburnable)
181   Ta-nat Tantalum
183   W-nat Tungsten
207   Pb-nat Lead
4083  Kr-83 Kripton-83
4095  Mo-95 Molibdenum-95
4099  Tc-99 Technetium-99
4101  Ru-101 Ruthenium-101
5103  Ru-103 Ruthenium-103
4106  Ru-106 Ruthenium-106
4103  Rh-103 Rhodium-103
4105  Rh-105 Rhodium-105
5105  Pd-105 Paladium-105
4107  Pd-107 Paladium-107
4108  Pd-108 Paladium-108
4109  Ag-109 Silver-109
4113  Cd-113 Cadmium-113
4115  In-115 Indium-115
4125  Sb-125 Antimony-125
5127  Te-127 Telurium-127m
4127  I-127 Iodine-127
4131  Xe-131 Xenon-131
4133  Cs-133 Cesium-133
4134  Cs-134 Cesium-134
4137  Cs-137 Cesium-137
6135  I-135 Iodine-135
5134  Xe-134 Xenon-134
4135  Xe-135 Xenon-135
5135  Cs-135 Cesium-135
4136  Xe-136 Xenon-136
4143  Nd-143 Neodinium-143
4145  Nd-145 Neodinium-145
4147  Pm-147 Promethium-147(+n-->Pm-148)
5147  Pm-147 Promethium-147(+n-->Pm-148m)
6147  Sm-147 Samarium-147
4148  Pm-148 Promethium-148m
5148  Pm-148 Promethium-148
6148  Sm-148 Samarium-148
5149  Pm-149 Promethium-149
4149  Sm-149 Samarium-149
4150  Sm-150 Samarium-150
4151  Sm-151 Samarium-151
4152  Sm-152 Samarium-152
5151  Eu-151 Europium-151
5152  Eu-152 Europium-152
4153  Eu-153 Europium-153
4154  Eu-154 Europium-154
4155  Eu-155 Europium-155
4902  FP4902 Lumped-fission-product
2232  Th-232 Thorium-232
4232  U-232 Pseudo-fis.prod.U-232(n,2n)U-232
232   U-232 Uranium-232
9233  U-233 Uranium-233
1231  Pa-231 Protoactinium-231(non-fissile-f.p.)
1233  Pa-233 Protoactinium-233
234   U-234 Uranium-234
2235  U-235 Uranium-235
236   U-236 Uranium-236
4927  U-237 Pseudo-fis.prod.-U-238(n,2n)U-237
927   U-237 Uranium-237
8238  U-238 Uranium-238
937   Np-237 Neptunium-237
1939  Np-239 Neptunium-239
948   Pu-238 Plutonium-238
6239  Pu-239 Plutonium-239
1240  Pu-240 Plutonium-240
1241  Pu-241 Plutonium-241
242   Pu-242 Plutonium-242(high-self-shielding)
1242  Pu-242 Plutonium-242(low-self-shielding)
951   Am-241 Americium-241
1952  Am-242 Americium-242(non-fissile-f.p.)
952   Am-242 Americium-242m
953   Am-243 Americium-243
962   Cm-242 Curium-242
963   Cm-243 Curium-243
964   Cm-244 Curium-244
1000  v-0 1/v_absorber
1999  rv-0 Resonance-part-of-1/v-absorber
2000  -v-0 -1/v-absorber
3000  a-0 Pure-absorber
4000  u-0 Inverse-lethargy-intervals
2212  6-C-0 Graphite-damage
1091  Zrdamage Zircalloy-damage
1055  Mn55-n,g Mn-55(n,g)Mn-56
1054  Fe54-n,p Fe-54(n,p)Mn-54
3058  Fe58-n,g Fe-58(n,gamma)Fe-59
2059  Co59-n,g Co-59(n,gamma)Co-60
1058  Ni58-n,p Ni-58(n,p)Co-58
1063  Cu63-n,g Cu-63(n,gamma)Cu-64
84    Kr84-n,g Kr-84(n,gamma)Kr-85
2103  Rh-103m Rh-103(n,n')Rh-103m
1115  In-115m In-115(n,n')In-115m
3115  In115-ng In-115(n,gamma)In-116m
1151  Eu151-ng Eu-151(n,g)Eu-152
1164  Dy164-ng Dy-164(n,g)Dy-165
176   Lu176-ng Lu-176(n,g)Lu-177
197   Au197-ng Au-197(n,g)Au-198
1232  Th232-ng Th-232(n,g)Th-233
3232  Th232-nf Th-232(n,f)
1235  U235-ng U-235(n,g)U-236
1003  U235-nf U-235(n,f)
1238  U238-ng U-238(n,g)U-239
3238  U238-nf U-238(n,f)
1237  Np237-nf Np-237(n,f)
1239  Pu239-nf Pu-239(n,f)
1632  Th232-n2n Th-232(n,2n)
1633  U233-n2n U-233(n,2n)
1635  U235-n2n U-235(n,2n)
1638  U238-n2n U-238(n,2n)
1639  Pu239-n2n Pu-239(n,2n)
1640  Pu240-n2n Pu-240(n,2n)
1641  Pu241-n2n Pu-241(n,2n)
1642  Pu242-n2n Pu-242(n,2n)
83    Bi-209 Bi-209
3100  Ga-nat Ga-nat
