173
3001  1-H-H2O 	M Hydrogen-bound-in-water
5001  1-H-ZrH 	M Hydrogen-bound-in-ZrH
3002  1-D-D2O 	M Deuterium-bound-in-D2O
3     2-He-3 	S Helium-3
4     2-He-4 	S Helium-4
6     3-Li-6 	S Lithium-6
7     3-Li-7 	S Lithium-7
9     Be-nat 	S Beryllium
10    5-B-10 	B Boron-10(burnable)
1010  5-B-10 	S Boron-10(unburnable)
11    5-B-11 	B Boron-11(burnable)
1011  5-B-nat 	S Natural-Boron(unburnable)
2012  6-C-nat 	M Graphite
14    7-N-nat 	S Nitrogen
6016  8-O-nat 	S Oxygen
19    9-F-nat 	S Fluorine
23    Na-nat 	S Sodium
24    Mg-nat 	S Magnesium
27    Al-nat 	S Aluminium
29    Si-nat 	S Silicon
31    P-nat 	S Phosphorus
32    S-nat 	S Sulphur
35    Cl-nat 	S Chlorine
40    Ca-nat 	S Calcium
48    Ti-nat 	S Titanium
51    V-nat 	S Vanadium
52    Cr-nat 	S Chromium
55    Mn-nat 	S Manganese
2056  Fe-nat 	S Iron
58    Ni-nat 	S Nickel
1059  Co-59 	S Cobalt
3063  Cu-nat 	S Copper
91    Zr-nat 	S Zirconium
93    Nb-93 	S Niobium
96    Mo-nat 	S Molybdenum
3109  Ag-nat 	S Silver(control-rod-material)
2113  Cd-nat 	S Cadmium(control-rod-material)
2115  In-nat 	S Indium(control-rod-material)
118   Sn-nat 	S Tin
121   Sb-121 	S Antimony-121
123   Sb-123 	S Antimony-123
152   Eu-nat 	S Europium(control-rod-material)
2154  Gd-154 	B/FP Gadolinium-154(burnable-absorber)
2155  Gd-155 	B/FP Gadolinium-155(burnable-absorber)
2156  Gd-156 	B/FP Gadolinium-156(burnable-absorber)
2157  Gd-157 	B/FP Gadolinium-157(burnable-absorber)
2158  Gd-158 	B/FP Gadolinium-158(burnable-absorber)
160   Dy-160 	B/FP Dysprosium-160
161   Dy-161 	B/FP Dysprosium-161
162   Dy-162 	B/FP Dysprosium-162
163   Dy-163 	B/FP Dysprosium-163
164   Dy-164 	B/FP Dysprosium-164
165   Ho-165 	B/FP Holmium-165
2166  Er-166 	B Erbium-166(burnable-absorber)
2167  Er-167 	B Erbium-167(burnable-absorber)
2176  Hf-176 	B Hafnium-176(burnable-absorber)
2177  Hf-177 	B Hafnium-177(burnable-absorber)
2178  Hf-178 	B Hafnium-178(burnable-absorber)
2179  Hf-179 	B Hafnium-179(burnable-absorber)
2180  Hf-180 	B Hafnium-180(burnable-absorber)
178   Hf-nat 	S Natural-Hafnium(unburnable)
181   Ta-nat 	S Tantalum
183   W-nat 	S Tungsten
207   Pb-nat 	S Lead
4083  Kr-83 	FP Krypton-83
4095  Mo-95 	FP Molybdenum-95
4099  Tc-99 	FP Technetium-99
4101  Ru-101 	FP Ruthenium-101
5103  Ru-103 	FP Ruthenium-103
4106  Ru-106 	FP Ruthenium-106
4103  Rh-103 	FP Rhodium-103
4105  Rh-105 	FP Rhodium-105
5105  Pd-105 	FP Paladium-105
4107  Pd-107 	FP Paladium-107
4108  Pd-108 	FP Paladium-108
4109  Ag-109 	FP Silver-109
4113  Cd-113 	FP Cadmium-113
4115  In-115 	FP Indium-115
4125  Sb-125 	FP Antimony-125
5127  Te-127 	FP Telurium-127m
4127  I-127 	FP Iodine-127
4131  Xe-131 	FP Xenon-131
4133  Cs-133 	FP Cesium-133
4134  Cs-134 	FP Cesium-134
4137  Cs-137 	FP Cesium-137
6135  I-135 	FP Iodine-135
5134  Xe-134 	FP Xenon-134
4135  Xe-135 	FP Xenon-135
5135  Cs-135 	FP Cesium-135
4136  Xe-136 	FP Xenon-136
4143  Nd-143 	FP Neodinium-143
4145  Nd-145 	FP Neodinium-145
4147  Pm-147 	FP Promethium-147(+n-->Pm-148)
5147  Pm-147 	FP Promethium-147(+n-->Pm-148m)
6147  Sm-147 	FP Samarium-147
4148  Pm-148 	FP Promethium-148m
5148  Pm-148 	FP Promethium-148
6148  Sm-148 	FP Samarium-148
5149  Pm-149 	FP Promethium-149
4149  Sm-149 	FP Samarium-149
4150  Sm-150 	FP Samarium-150
4151  Sm-151 	FP Samarium-151
4152  Sm-152 	FP Samarium-152
5151  Eu-151 	FP Europium-151
5152  Eu-152 	FP Europium-152
4153  Eu-153 	FP Europium-153
4154  Eu-154 	FP Europium-154
4155  Eu-155 	FP Europium-155
4902  FP4902 	FP Lumped-fission-product
2232  Th-232 	A Thorium-232
4232  U-232 	FP Pseudo-fis.prod.U-232(n,2n)U-232
232   U-232 	A Uranium-232
9233  U-233 	A Uranium-233
1231  Pa-231 	FP Protoactinium-231(non-fissile-f.p.)
1233  Pa-233 	A Protoactinium-233
234   U-234 	A Uranium-234
2235  U-235 	A Uranium-235
236   U-236 	A Uranium-236
4927  U-237 	FP Pseudo-fis.prod.-U-238(n,2n)U-237
927   U-237 	A Uranium-237
8238  U-238 	A Uranium-238
937   Np-237 	A Neptunium-237
1939  Np-239 	A Neptunium-239
948   Pu-238 	A Plutonium-238
6239  Pu-239 	A Plutonium-239
1240  Pu-240 	A Plutonium-240
1241  Pu-241 	A Plutonium-241
242   Pu-242 	A Plutonium-242(high-self-shielding)
1242  Pu-242 	A Plutonium-242(low-self-shielding)
951   Am-241 	A Americium-241
1952  Am-242 	FP Americium-242(non-fissile-f.p.)
952   Am-242 	A Americium-242m
953   Am-243 	A Americium-243
962   Cm-242 	A Curium-242
963   Cm-243 	A Curium-243
964   Cm-244 	A Curium-244
1000  1/v-abs 	D 1/v_absorber
1999  res-1/v 	D Resonance-part-of-1/v-absorber
2000  -1/v-abs 	D -1/v-absorber
3000  Pure-abs 	D Pure-absorber
4000  Inv.Leth 	D Inverse-lethargy-intervals
2212  C-damage 	D Graphite-damage
1091  Zr-damage   D Zircalloy-damage
1055  Mn55(n,g)   D Mn-55(n,g)Mn-56
1054  Fe54(n,p)   D Fe-54(n,p)Mn-54
3058  Fe58(n,g)   D Fe-58(n,gamma)Fe-59
2059  Co59(n,g)   D Co-59(n,gamma)Co-60
1058  Ni58(n,p)   D Ni-58(n,p)Co-58
1063  Cu63(n,g)   D Cu-63(n,gamma)Cu-64
84    Kr84(n,g)   D Kr-84(n,gamma)Kr-85
2103  Rh103(n,n') 	D  Rh-103(n,n')Rh-103m
1115  In-115(n,n') 	D  In-115(n,n')In-115m
3115  In115(n,g)  D In-115(n,gamma)In-116m
1151  Eu151(n,g)  D Eu-151(n,g)Eu-152
1164  Dy164(n,g)  D Dy-164(n,g)Dy-165
176   Lu176(n,g)  D Lu-176(n,g)Lu-177
197   Au197(n,g)  D Au-197(n,g)Au-198
1232  Th232(n,g)  D Th-232(n,g)Th-233
3232  Th232(n,g)  D Th-232(n,f)
1235  U235(n,g)   D U-235(n,g)U-236
1003  U235(n,f)   D U-235(n,f)
1238  U238(n,g)   D U-238(n,g)U-239
3238  U238(n,f)   D U-238(n,f)
1237  Np237(n,f)  D Np-237(n,f)
1239  Pu239(n,f)  D Pu-239(n,f)
1632  Th232(n,2n) D Th-232(n,2n)
1633  U233(n,2n)    D U-233(n,2n)
1635  U235(n,2n)    D U-235(n,2n)
1638  U238(n,2n)    D U-238(n,2n)
1639  Pu239(n,2n)   D Pu-239(n,2n)
1640  Pu240(n,2n)   D Pu-240(n,2n)
1641  Pu241(n,2n)   D Pu-241(n,2n)
1642  Pu242(n,2n)   D Pu-242(n,2n)
